<html>
<head>
<title>TestNG:  Default test</title>
<link href="../testng.css" rel="stylesheet" type="text/css" />
<link href="../my-testng.css" rel="stylesheet" type="text/css" />

<style type="text/css">
.log { display: none;} 
.stack-trace { display: none;} 
</style>
<script type="text/javascript">
<!--
function flip(e) {
  current = e.style.display;
  if (current == 'block') {
    e.style.display = 'none';
    return 0;
  }
  else {
    e.style.display = 'block';
    return 1;
  }
}

function toggleBox(szDivId, elem, msg1, msg2)
{
  var res = -1;  if (document.getElementById) {
    res = flip(document.getElementById(szDivId));
  }
  else if (document.all) {
    // this is the way old msie versions work
    res = flip(document.all[szDivId]);
  }
  if(elem) {
    if(res == 0) elem.innerHTML = msg1; else elem.innerHTML = msg2;
  }

}

function toggleAllBoxes() {
  if (document.getElementsByTagName) {
    d = document.getElementsByTagName('div');
    for (i = 0; i < d.length; i++) {
      if (d[i].className == 'log') {
        flip(d[i]);
      }
    }
  }
}

// -->
</script>

</head>
<body>
<h2 align='center'>Default test</h2><table border='1' align="center">
<tr>
<td>Tests passed/Failed/Skipped:</td><td>0/3/0</td>
</tr><tr>
<td>Started on:</td><td>Mon Oct 02 18:35:07 IST 2023</td>
</tr>
<tr><td>Total time:</td><td>60 seconds (60987 ms)</td>
</tr><tr>
<td>Included groups:</td><td></td>
</tr><tr>
<td>Excluded groups:</td><td></td>
</tr>
</table><p/>
<small><i>(Hover the method name to see the test class name)</i></small><p/>
<table width='100%' border='1' class='invocation-failed'>
<tr><td colspan='4' align='center'><b>FAILED TESTS</b></td></tr>
<tr><td><b>Test method</b></td>
<td width="30%"><b>Exception</b></td>
<td width="10%"><b>Time (seconds)</b></td>
<td><b>Instance</b></td>
</tr>
<tr>
<td title='com.TestRunner.Runner.runScenario()'><b>runScenario</b><br>Test class: com.TestRunner.Runner<br>Test method: Runs Cucumber Scenarios<br>Parameters: "LOAN Process", "Title of your feature"</td>
<td><div><pre>java.lang.AssertionError: role not selected
	at org.testng.Assert.fail(Assert.java:99)
	at com.StepDefinitions.Banking.i_complete_action(Banking.java:51)
	at ?.I complete action(file:///C:/Users/ACER/eclipse-workspace/Cucumber_Framework/src/test/resources/features/login.feature:9)
</pre></div><a href='#' onClick='toggleBox("stack-trace705400860", this, "Click to show all stack frames", "Click to hide stack frames")'>Click to show all stack frames</a>
<div class='stack-trace' id='stack-trace705400860'><pre>java.lang.AssertionError: role not selected
	at org.testng.Assert.fail(Assert.java:99)
	at com.StepDefinitions.Banking.i_complete_action(Banking.java:51)
	at ?.I complete action(file:///C:/Users/ACER/eclipse-workspace/Cucumber_Framework/src/test/resources/features/login.feature:9)
</pre></div></td>
<td>19</td>
<td>com.TestRunner.Runner@6e6f2380</td></tr>
<tr>
<td title='com.TestRunner.Runner.runScenario()'><b>runScenario</b><br>Test class: com.TestRunner.Runner<br>Test method: Runs Cucumber Scenarios<br>Parameters: "Title of your scenario outline", "Title of your feature"</td>
<td><div><pre>java.lang.AssertionError: invalid number
	at org.testng.Assert.fail(Assert.java:99)
	at com.StepDefinitions.adminSelection.i_want_to_write_a_step_with(adminSelection.java:39)
	at ?.I want to write a step with &quot;8056231886&quot;(file:///C:/Users/ACER/eclipse-workspace/Cucumber_Framework/src/test/resources/features/login.feature:17)
</pre></div><a href='#' onClick='toggleBox("stack-trace1759500919", this, "Click to show all stack frames", "Click to hide stack frames")'>Click to show all stack frames</a>
<div class='stack-trace' id='stack-trace1759500919'><pre>java.lang.AssertionError: invalid number
	at org.testng.Assert.fail(Assert.java:99)
	at com.StepDefinitions.adminSelection.i_want_to_write_a_step_with(adminSelection.java:39)
	at ?.I want to write a step with &quot;8056231886&quot;(file:///C:/Users/ACER/eclipse-workspace/Cucumber_Framework/src/test/resources/features/login.feature:17)
</pre></div></td>
<td>16</td>
<td>com.TestRunner.Runner@6e6f2380</td></tr>
<tr>
<td title='com.TestRunner.Runner.runScenario()'><b>runScenario</b><br>Test class: com.TestRunner.Runner<br>Test method: Runs Cucumber Scenarios<br>Parameters: "Title of your scenario outline", "Title of your feature"</td>
<td><div><pre>java.lang.AssertionError: invalid number
	at org.testng.Assert.fail(Assert.java:99)
	at com.StepDefinitions.adminSelection.i_want_to_write_a_step_with(adminSelection.java:39)
	at ?.I want to write a step with &quot;7010515397&quot;(file:///C:/Users/ACER/eclipse-workspace/Cucumber_Framework/src/test/resources/features/login.feature:17)
</pre></div><a href='#' onClick='toggleBox("stack-trace1605570842", this, "Click to show all stack frames", "Click to hide stack frames")'>Click to show all stack frames</a>
<div class='stack-trace' id='stack-trace1605570842'><pre>java.lang.AssertionError: invalid number
	at org.testng.Assert.fail(Assert.java:99)
	at com.StepDefinitions.adminSelection.i_want_to_write_a_step_with(adminSelection.java:39)
	at ?.I want to write a step with &quot;7010515397&quot;(file:///C:/Users/ACER/eclipse-workspace/Cucumber_Framework/src/test/resources/features/login.feature:17)
</pre></div></td>
<td>18</td>
<td>com.TestRunner.Runner@6e6f2380</td></tr>
</table><p>
</body>
</html>