<?xml version="1.0" encoding="UTF-8"?>
<!-- Generated by org.testng.reporters.JUnitXMLReporter -->
<testsuite ignored="0" hostname="satiz" failures="3" tests="3" name="Default test" time="60.987" errors="0" timestamp="2023-10-02T18:36:08 IST">
  <testcase classname="io.cucumber.testng.AbstractTestNGCucumberTests" name="runScenario" time="19.912">
    <failure type="java.lang.AssertionError" message="role not selected">
      <![CDATA[java.lang.AssertionError: role not selected
at org.testng.Assert.fail(Assert.java:99)
at com.StepDefinitions.Banking.i_complete_action(Banking.java:51)
at ✽.I complete action(file:///C:/Users/ACER/eclipse-workspace/Cucumber_Framework/src/test/resources/features/login.feature:9)
]]>
    </failure>
  </testcase> <!-- runScenario -->
  <testcase classname="io.cucumber.testng.AbstractTestNGCucumberTests" name="runScenario" time="18.015">
    <failure type="java.lang.AssertionError" message="invalid number">
      <![CDATA[java.lang.AssertionError: invalid number
at org.testng.Assert.fail(Assert.java:99)
at com.StepDefinitions.adminSelection.i_want_to_write_a_step_with(adminSelection.java:39)
at ✽.I want to write a step with "7010515397"(file:///C:/Users/ACER/eclipse-workspace/Cucumber_Framework/src/test/resources/features/login.feature:17)
]]>
    </failure>
  </testcase> <!-- runScenario -->
  <testcase classname="io.cucumber.testng.AbstractTestNGCucumberTests" name="runScenario" time="16.298">
    <failure type="java.lang.AssertionError" message="invalid number">
      <![CDATA[java.lang.AssertionError: invalid number
at org.testng.Assert.fail(Assert.java:99)
at com.StepDefinitions.adminSelection.i_want_to_write_a_step_with(adminSelection.java:39)
at ✽.I want to write a step with "8056231886"(file:///C:/Users/ACER/eclipse-workspace/Cucumber_Framework/src/test/resources/features/login.feature:17)
]]>
    </failure>
  </testcase> <!-- runScenario -->
</testsuite> <!-- Default test -->
