<?xml version="1.0" encoding="UTF-8"?>
<testng-results ignored="0" total="3" passed="0" failed="3" skipped="0">
  <reporter-output>
  </reporter-output>
  <suite started-at="2023-10-02T18:35:07 IST" name="Default suite" finished-at="2023-10-02T18:36:08 IST" duration-ms="60987">
    <groups>
      <group name="cucumber">
        <method signature="AbstractTestNGCucumberTests.runScenario(io.cucumber.testng.PickleWrapper,io.cucumber.testng.FeatureWrapper)[pri:0, instance:com.TestRunner.Runner@6e6f2380]" name="runScenario" class="io.cucumber.testng.AbstractTestNGCucumberTests"/>
      </group> <!-- cucumber -->
    </groups>
    <test started-at="2023-10-02T18:35:07 IST" name="Default test" finished-at="2023-10-02T18:36:08 IST" duration-ms="60987">
      <class name="com.TestRunner.Runner">
        <test-method is-config="true" signature="setUpClass(org.testng.ITestContext)[pri:0, instance:com.TestRunner.Runner@6e6f2380]" started-at="2023-10-02T18:35:07 IST" name="setUpClass" finished-at="2023-10-02T18:35:08 IST" duration-ms="1066" status="PASS">
          <params>
            <param index="0">
              <value>
                <![CDATA[org.testng.TestRunner@26679788]]>
              </value>
            </param>
          </params>
          <reporter-output>
          </reporter-output>
        </test-method> <!-- setUpClass -->
        <test-method signature="runScenario(io.cucumber.testng.PickleWrapper,io.cucumber.testng.FeatureWrapper)[pri:0, instance:com.TestRunner.Runner@6e6f2380]" started-at="2023-10-02T18:35:08 IST" name="runScenario" description="Runs Cucumber Scenarios" data-provider="scenarios" finished-at="2023-10-02T18:35:28 IST" duration-ms="19912" status="FAIL">
          <params>
            <param index="0">
              <value>
                <![CDATA["LOAN Process"]]>
              </value>
            </param>
            <param index="1">
              <value>
                <![CDATA["Title of your feature"]]>
              </value>
            </param>
          </params>
          <exception class="java.lang.AssertionError">
            <message>
              <![CDATA[role not selected]]>
            </message>
            <full-stacktrace>
              <![CDATA[java.lang.AssertionError: role not selected
at org.testng.Assert.fail(Assert.java:99)
at com.StepDefinitions.Banking.i_complete_action(Banking.java:51)
at ✽.I complete action(file:///C:/Users/ACER/eclipse-workspace/Cucumber_Framework/src/test/resources/features/login.feature:9)
]]>
            </full-stacktrace>
          </exception> <!-- java.lang.AssertionError -->
          <reporter-output>
          </reporter-output>
        </test-method> <!-- runScenario -->
        <test-method signature="runScenario(io.cucumber.testng.PickleWrapper,io.cucumber.testng.FeatureWrapper)[pri:0, instance:com.TestRunner.Runner@6e6f2380]" started-at="2023-10-02T18:35:28 IST" name="runScenario" description="Runs Cucumber Scenarios" data-provider="scenarios" finished-at="2023-10-02T18:35:46 IST" duration-ms="18015" status="FAIL">
          <params>
            <param index="0">
              <value>
                <![CDATA["Title of your scenario outline"]]>
              </value>
            </param>
            <param index="1">
              <value>
                <![CDATA["Title of your feature"]]>
              </value>
            </param>
          </params>
          <exception class="java.lang.AssertionError">
            <message>
              <![CDATA[invalid number]]>
            </message>
            <full-stacktrace>
              <![CDATA[java.lang.AssertionError: invalid number
at org.testng.Assert.fail(Assert.java:99)
at com.StepDefinitions.adminSelection.i_want_to_write_a_step_with(adminSelection.java:39)
at ✽.I want to write a step with "7010515397"(file:///C:/Users/ACER/eclipse-workspace/Cucumber_Framework/src/test/resources/features/login.feature:17)
]]>
            </full-stacktrace>
          </exception> <!-- java.lang.AssertionError -->
          <reporter-output>
          </reporter-output>
        </test-method> <!-- runScenario -->
        <test-method signature="runScenario(io.cucumber.testng.PickleWrapper,io.cucumber.testng.FeatureWrapper)[pri:0, instance:com.TestRunner.Runner@6e6f2380]" started-at="2023-10-02T18:35:46 IST" name="runScenario" description="Runs Cucumber Scenarios" data-provider="scenarios" finished-at="2023-10-02T18:36:02 IST" duration-ms="16298" status="FAIL">
          <params>
            <param index="0">
              <value>
                <![CDATA["Title of your scenario outline"]]>
              </value>
            </param>
            <param index="1">
              <value>
                <![CDATA["Title of your feature"]]>
              </value>
            </param>
          </params>
          <exception class="java.lang.AssertionError">
            <message>
              <![CDATA[invalid number]]>
            </message>
            <full-stacktrace>
              <![CDATA[java.lang.AssertionError: invalid number
at org.testng.Assert.fail(Assert.java:99)
at com.StepDefinitions.adminSelection.i_want_to_write_a_step_with(adminSelection.java:39)
at ✽.I want to write a step with "8056231886"(file:///C:/Users/ACER/eclipse-workspace/Cucumber_Framework/src/test/resources/features/login.feature:17)
]]>
            </full-stacktrace>
          </exception> <!-- java.lang.AssertionError -->
          <reporter-output>
          </reporter-output>
        </test-method> <!-- runScenario -->
        <test-method is-config="true" signature="tearDownClass()[pri:0, instance:com.TestRunner.Runner@6e6f2380]" started-at="2023-10-02T18:36:02 IST" name="tearDownClass" finished-at="2023-10-02T18:36:08 IST" duration-ms="5620" status="PASS">
          <reporter-output>
          </reporter-output>
        </test-method> <!-- tearDownClass -->
      </class> <!-- com.TestRunner.Runner -->
    </test> <!-- Default test -->
  </suite> <!-- Default suite -->
</testng-results>
