<?xml version="1.0" encoding="UTF-8"?>
<!-- Generated by org.testng.reporters.JUnitReportReporter -->
<testsuite hostname="satiz" failures="1" tests="1" name="com.TestRunner.RerunClass" time="29.907" errors="0" timestamp="2023-09-19T13:24:37 IST" skipped="0">
  <testcase classname="com.TestRunner.RerunClass" name="runScenario" time="29.907">
    <failure message="role not selected" type="java.lang.AssertionError">
      <![CDATA[java.lang.AssertionError: role not selected
at org.testng.Assert.fail(Assert.java:99)
at com.StepDefinitions.Banking.i_complete_action(Orage_Hrm.java:51)
at âœ½.I complete action(file:///C:/Users/ACER/eclipse-workspace/Cucumber_Framework/src/test/resources/features/login.feature:9)
]]>
    </failure>
  </testcase> <!-- runScenario -->
  <system-out/>
</testsuite> <!-- com.TestRunner.RerunClass -->
