<?xml version="1.0" encoding="UTF-8"?>
<!-- Generated by org.testng.reporters.JUnitReportReporter -->
<testsuite hostname="satiz" failures="3" tests="3" name="com.TestRunner.Runner" time="54.225" errors="0" timestamp="2023-10-02T18:36:08 IST" skipped="0">
  <testcase classname="com.TestRunner.Runner" name="runScenario" time="19.912">
    <failure message="role not selected" type="java.lang.AssertionError">
      <![CDATA[java.lang.AssertionError: role not selected
at org.testng.Assert.fail(Assert.java:99)
at com.StepDefinitions.Banking.i_complete_action(Banking.java:51)
at ✽.I complete action(file:///C:/Users/ACER/eclipse-workspace/Cucumber_Framework/src/test/resources/features/login.feature:9)
]]>
    </failure>
  </testcase> <!-- runScenario -->
  <system-out/>
  <testcase classname="com.TestRunner.Runner" name="runScenario" time="16.298">
    <failure message="invalid number" type="java.lang.AssertionError">
      <![CDATA[java.lang.AssertionError: invalid number
at org.testng.Assert.fail(Assert.java:99)
at com.StepDefinitions.adminSelection.i_want_to_write_a_step_with(adminSelection.java:39)
at ✽.I want to write a step with "8056231886"(file:///C:/Users/ACER/eclipse-workspace/Cucumber_Framework/src/test/resources/features/login.feature:17)
]]>
    </failure>
  </testcase> <!-- runScenario -->
  <system-out/>
  <testcase classname="com.TestRunner.Runner" name="runScenario" time="18.015">
    <failure message="invalid number" type="java.lang.AssertionError">
      <![CDATA[java.lang.AssertionError: invalid number
at org.testng.Assert.fail(Assert.java:99)
at com.StepDefinitions.adminSelection.i_want_to_write_a_step_with(adminSelection.java:39)
at ✽.I want to write a step with "7010515397"(file:///C:/Users/ACER/eclipse-workspace/Cucumber_Framework/src/test/resources/features/login.feature:17)
]]>
    </failure>
  </testcase> <!-- runScenario -->
  <system-out/>
</testsuite> <!-- com.TestRunner.Runner -->
